[0.016s] Invoking command in '/home/om/gazebo_ur/build/robot_controller': CMAKE_PREFIX_PATH=${CMAKE_PREFIX_PATH}:/home/om/gazebo_ur/install/robot_controller_py:/opt/ros/humble /usr/bin/cmake --build /home/om/gazebo_ur/build/robot_controller -- -j12 -l12
[0.044s] -- Found ament_cmake: 1.3.9 (/opt/ros/humble/share/ament_cmake/cmake)
[0.159s] -- Found sensor_msgs: 4.2.4 (/opt/ros/humble/share/sensor_msgs/cmake)
[0.185s] -- Found rosidl_generator_c: 3.1.5 (/opt/ros/humble/share/rosidl_generator_c/cmake)
[0.188s] -- Found rosidl_adapter: 3.1.5 (/opt/ros/humble/share/rosidl_adapter/cmake)
[0.194s] -- Found rosidl_generator_cpp: 3.1.5 (/opt/ros/humble/share/rosidl_generator_cpp/cmake)
[0.205s] -- Using all available rosidl_typesupport_c: rosidl_typesupport_fastrtps_c;rosidl_typesupport_introspection_c
[0.221s] -- Using all available rosidl_typesupport_cpp: rosidl_typesupport_fastrtps_cpp;rosidl_typesupport_introspection_cpp
[0.428s] -- Found rclcpp: 16.0.9 (/opt/ros/humble/share/rclcpp/cmake)
[0.475s] -- Found rmw_implementation_cmake: 6.1.2 (/opt/ros/humble/share/rmw_implementation_cmake/cmake)
[0.476s] -- Found rmw_fastrtps_cpp: 6.2.6 (/opt/ros/humble/share/rmw_fastrtps_cpp/cmake)
[0.615s] -- Using RMW implementation 'rmw_fastrtps_cpp' as default
[0.739s] -- Found moveit_core: 2.5.5 (/opt/ros/humble/share/moveit_core/cmake)
[0.753s] -- Found Boost: /usr/lib/x86_64-linux-gnu/cmake/Boost-1.74.0/BoostConfig.cmake (found version "1.74.0") found components: chrono date_time filesystem iostreams program_options regex serialization system thread 
[0.760s] -- Found parameter_traits: 0.3.8 (/opt/ros/humble/share/parameter_traits/cmake)
[0.773s] -- Found rclcpp_lifecycle: 16.0.9 (/opt/ros/humble/share/rclcpp_lifecycle/cmake)
[0.815s] -- Found Boost: /usr/lib/x86_64-linux-gnu/cmake/Boost-1.74.0/BoostConfig.cmake (found version "1.74.0") found components: filesystem 
[0.857s] -- library: /usr/lib/x86_64-linux-gnu/libcurl.so
[1.060s] -- Ensuring Eigen3 include directory is part of orocos-kdl CMake target
[2.107s] -- Found moveit_ros_planning: 2.5.5 (/opt/ros/humble/share/moveit_ros_planning/cmake)
[2.112s] -- Found Boost: /usr/lib/x86_64-linux-gnu/cmake/Boost-1.74.0/BoostConfig.cmake (found version "1.74.0") found components: system filesystem date_time program_options thread chrono 
[2.522s] -- Found moveit_ros_planning_interface: 2.5.5 (/opt/ros/humble/share/moveit_ros_planning_interface/cmake)
[2.526s] -- Found Boost: /usr/lib/x86_64-linux-gnu/cmake/Boost-1.74.0/BoostConfig.cmake (found version "1.74.0") found components: date_time filesystem program_options system thread 
[2.702s] -- Found Boost: /usr/lib/x86_64-linux-gnu/cmake/Boost-1.74.0/BoostConfig.cmake (found version "1.74.0") found components: thread system filesystem regex date_time program_options 
[2.929s] -- Found Boost: /usr/lib/x86_64-linux-gnu/cmake/Boost-1.74.0/BoostConfig.cmake (found version "1.74.0") found components: system filesystem date_time program_options thread 
[3.325s] -- Found interactive_markers: 2.3.2 (/opt/ros/humble/share/interactive_markers/cmake)
[3.335s] -- Found control_msgs: 4.6.0 (/opt/ros/humble/share/control_msgs/cmake)
[3.536s] -- Found ament_lint_auto: 0.12.11 (/opt/ros/humble/share/ament_lint_auto/cmake)
[3.597s] -- Added test 'copyright' to check source files copyright and LICENSE
[3.598s] -- Added test 'cppcheck' to perform static code analysis on C / C++ code
[3.599s] -- Configured cppcheck include dirs: /home/om/gazebo_ur/src/robot_controller/include
[3.599s] -- Configured cppcheck exclude dirs and/or files: 
[3.599s] -- Added test 'cpplint' to check C / C++ code against the Google style
[3.600s] -- Configured cpplint exclude dirs and/or files: 
[3.600s] -- Added test 'flake8' to check Python code syntax and style conventions
[3.600s] -- Added test 'lint_cmake' to check CMake code style
[3.600s] -- Added test 'pep257' to check Python code against some of the docstring style conventions in PEP 257
[3.601s] -- Added test 'uncrustify' to check C / C++ code style
[3.601s] -- Configured uncrustify additional arguments: 
[3.602s] -- Added test 'xmllint' to check XML markup files
[3.602s] -- Configuring done
[3.630s] -- Generating done
[3.632s] -- Build files have been written to: /home/om/gazebo_ur/build/robot_controller
[3.665s] [35m[1mConsolidate compiler generated dependencies of target move_robot[0m
[3.696s] [ 50%] [32mBuilding CXX object CMakeFiles/move_robot.dir/src/move_robot.cpp.o[0m
[7.740s] [01m[K/home/om/gazebo_ur/src/robot_controller/src/move_robot.cpp:[m[K In constructor â€˜[01m[KTestTrajectory::TestTrajectory(std::shared_ptr<rclcpp::Node>)[m[Kâ€™:
[7.740s] [01m[K/home/om/gazebo_ur/src/robot_controller/src/move_robot.cpp:24:51:[m[K [01;31m[Kerror: [m[Kno matching function for call to â€˜[01m[Kmoveit::planning_interface::MoveGroupInterface::getInterfaceDescription()[m[Kâ€™
[7.740s]    24 |     while (![01;31m[Kmove_group_arm.getInterfaceDescription()[m[K && rclcpp::ok()) {
[7.740s]       |             [01;31m[K~~~~~~~~~~~~~~~~~~~~~~~~~~~~~~~~~~~~~~^~[m[K
[7.740s] In file included from [01m[K/home/om/gazebo_ur/src/robot_controller/src/move_robot.cpp:1[m[K:
[7.740s] [01m[K/opt/ros/humble/include/moveit/move_group_interface/move_group_interface.h:203:8:[m[K [01;36m[Knote: [m[Kcandidate: â€˜[01m[Kbool moveit::planning_interface::MoveGroupInterface::getInterfaceDescription(moveit_msgs::msg::PlannerInterfaceDescription&) const[m[Kâ€™
[7.740s]   203 |   bool [01;36m[KgetInterfaceDescription[m[K(moveit_msgs::msg::PlannerInterfaceDescription& desc) const;
[7.741s]       |        [01;36m[K^~~~~~~~~~~~~~~~~~~~~~~[m[K
[7.741s] [01m[K/opt/ros/humble/include/moveit/move_group_interface/move_group_interface.h:203:8:[m[K [01;36m[Knote: [m[K  candidate expects 1 argument, 0 provided
[7.758s] [01m[K/home/om/gazebo_ur/src/robot_controller/src/move_robot.cpp:[m[K In member function â€˜[01m[Kvoid TestTrajectory::plan_arm_joint_space()[m[Kâ€™:
[7.758s] [01m[K/home/om/gazebo_ur/src/robot_controller/src/move_robot.cpp:68:70:[m[K [01;35m[Kwarning: [m[Kâ€˜[01m[Kusing MoveItErrorCode = class moveit::core::MoveItErrorCode[m[Kâ€™ is deprecated: Use moveit::core::MoveItErrorCode [[01;35m[K]8;;https://gcc.gnu.org/onlinedocs/gcc/Warning-Options.html#index-Wdeprecated-declarations-Wdeprecated-declarations]8;;[m[K]
[7.758s]    68 |                  moveit::planning_interface::MoveItErrorCode::[01;35m[KSUCCESS[m[K);
[7.758s]       |                                                               [01;35m[K^~~~~~~[m[K
[7.758s] 
[7.758s] In file included from [01m[K/home/om/gazebo_ur/src/robot_controller/src/move_robot.cpp:1[m[K:
[7.758s] [01m[K/opt/ros/humble/include/moveit/move_group_interface/move_group_interface.h:71:7:[m[K [01;36m[Knote: [m[Kdeclared here
[7.758s]    71 | using [01;36m[KMoveItErrorCode[m[K [[deprecated("Use moveit::core::MoveItErrorCode")]] = moveit::core::MoveItErrorCode;
[7.758s]       |       [01;36m[K^~~~~~~~~~~~~~~[m[K
[7.758s] [01m[K/home/om/gazebo_ur/src/robot_controller/src/move_robot.cpp:74:49:[m[K [01;35m[Kwarning: [m[Kâ€˜[01m[Kusing MoveItErrorCode = class moveit::core::MoveItErrorCode[m[Kâ€™ is deprecated: Use moveit::core::MoveItErrorCode [[01;35m[K]8;;https://gcc.gnu.org/onlinedocs/gcc/Warning-Options.html#index-Wdeprecated-declarations-Wdeprecated-declarations]8;;[m[K]
[7.758s]    74 |     moveit::planning_interface::MoveItErrorCode [01;35m[Kexecute_result[m[K = move_group_arm.execute(my_plan_arm);
[7.758s]       |                                                 [01;35m[K^~~~~~~~~~~~~~[m[K
[7.758s] In file included from [01m[K/home/om/gazebo_ur/src/robot_controller/src/move_robot.cpp:1[m[K:
[7.759s] [01m[K/opt/ros/humble/include/moveit/move_group_interface/move_group_interface.h:71:7:[m[K [01;36m[Knote: [m[Kdeclared here
[7.759s]    71 | using [01;36m[KMoveItErrorCode[m[K [[deprecated("Use moveit::core::MoveItErrorCode")]] = moveit::core::MoveItErrorCode;
[7.759s]       |       [01;36m[K^~~~~~~~~~~~~~~[m[K
[7.759s] [01m[K/home/om/gazebo_ur/src/robot_controller/src/move_robot.cpp:75:72:[m[K [01;35m[Kwarning: [m[Kâ€˜[01m[Kusing MoveItErrorCode = class moveit::core::MoveItErrorCode[m[Kâ€™ is deprecated: Use moveit::core::MoveItErrorCode [[01;35m[K]8;;https://gcc.gnu.org/onlinedocs/gcc/Warning-Options.html#index-Wdeprecated-declarations-Wdeprecated-declarations]8;;[m[K]
[7.759s]    75 | ecute_result != moveit::planning_interface::MoveItErrorCode::[01;35m[KSUCCESS[m[K) {
[7.759s]       |                                                              [01;35m[K^~~~~~~[m[K
[7.759s] 
[7.759s] In file included from [01m[K/home/om/gazebo_ur/src/robot_controller/src/move_robot.cpp:1[m[K:
[7.759s] [01m[K/opt/ros/humble/include/moveit/move_group_interface/move_group_interface.h:71:7:[m[K [01;36m[Knote: [m[Kdeclared here
[7.759s]    71 | using [01;36m[KMoveItErrorCode[m[K [[deprecated("Use moveit::core::MoveItErrorCode")]] = moveit::core::MoveItErrorCode;
[7.759s]       |       [01;36m[K^~~~~~~~~~~~~~~[m[K
[7.761s] [01m[K/home/om/gazebo_ur/src/robot_controller/src/move_robot.cpp:[m[K In member function â€˜[01m[Kvoid TestTrajectory::joint_state_callback(sensor_msgs::msg::JointState_<std::allocator<void> >::SharedPtr)[m[Kâ€™:
[7.761s] [01m[K/home/om/gazebo_ur/src/robot_controller/src/move_robot.cpp:93:75:[m[K [01;35m[Kwarning: [m[Kunused parameter â€˜[01m[Kmsg[m[Kâ€™ [[01;35m[K]8;;https://gcc.gnu.org/onlinedocs/gcc/Warning-Options.html#index-Wunused-parameter-Wunused-parameter]8;;[m[K]
[7.761s]    93 | int_state_callback([01;35m[Kconst sensor_msgs::msg::JointState::SharedPtr msg[m[K) {
[7.761s]       |                    [01;35m[K~~~~~~~~~~~~~~~~~~~~~~~~~~~~~~~~~~~~~~~~~~~~~~^~~[m[K
[7.761s] 
[11.151s] gmake[2]: *** [CMakeFiles/move_robot.dir/build.make:76: CMakeFiles/move_robot.dir/src/move_robot.cpp.o] Error 1
[11.152s] gmake[1]: *** [CMakeFiles/Makefile2:137: CMakeFiles/move_robot.dir/all] Error 2
[11.152s] gmake: *** [Makefile:146: all] Error 2
[11.155s] Invoked command in '/home/om/gazebo_ur/build/robot_controller' returned '2': CMAKE_PREFIX_PATH=${CMAKE_PREFIX_PATH}:/home/om/gazebo_ur/install/robot_controller_py:/opt/ros/humble /usr/bin/cmake --build /home/om/gazebo_ur/build/robot_controller -- -j12 -l12
